<?xml version="1.0" encoding="UTF-8"?>
<testng-results ignored="0" total="1" passed="1" failed="0" skipped="0">
  <reporter-output>
  </reporter-output>
  <suite started-at="2025-09-24T20:49:43 IST" name="Default suite" finished-at="2025-09-24T20:49:55 IST" duration-ms="11770">
    <groups>
    </groups>
    <test started-at="2025-09-24T20:49:43 IST" name="Default test" finished-at="2025-09-24T20:49:55 IST" duration-ms="11770">
      <class name="tests.LoginTest">
        <test-method is-config="true" signature="updateURL()[pri:0, instance:tests.LoginTest@6892b3b6]" started-at="2025-09-24T20:49:43 IST" name="updateURL" finished-at="2025-09-24T20:49:43 IST" duration-ms="10" status="PASS">
          <reporter-output>
          </reporter-output>
        </test-method> <!-- updateURL -->
        <test-method is-config="true" signature="setup()[pri:0, instance:tests.LoginTest@6892b3b6]" started-at="2025-09-24T20:49:43 IST" name="setup" finished-at="2025-09-24T20:49:54 IST" duration-ms="10986" status="PASS">
          <reporter-output>
          </reporter-output>
        </test-method> <!-- setup -->
        <test-method signature="navigateToURL()[pri:0, instance:tests.LoginTest@6892b3b6]" started-at="2025-09-24T20:49:54 IST" name="navigateToURL" finished-at="2025-09-24T20:49:54 IST" duration-ms="252" status="PASS">
          <reporter-output>
          </reporter-output>
        </test-method> <!-- navigateToURL -->
        <test-method is-config="true" signature="teardown()[pri:0, instance:tests.LoginTest@6892b3b6]" started-at="2025-09-24T20:49:54 IST" name="teardown" finished-at="2025-09-24T20:49:55 IST" duration-ms="476" status="PASS">
          <reporter-output>
          </reporter-output>
        </test-method> <!-- teardown -->
      </class> <!-- tests.LoginTest -->
    </test> <!-- Default test -->
  </suite> <!-- Default suite -->
</testng-results>
